{"C:\\Users\\User\\Desktop\\realPro\\BE-MOOD\\api\\error\\error.js": {"path":"C:\\Users\\User\\Desktop\\realPro\\BE-MOOD\\api\\error\\error.js","statementMap":{"0":{"start":{"line":1,"column":0},"end":{"line":7,"column":2}},"1":{"start":{"line":3,"column":4},"end":{"line":3,"column":12}},"2":{"start":{"line":4,"column":4},"end":{"line":4,"column":27}},"3":{"start":{"line":5,"column":4},"end":{"line":5,"column":21}}},"fnMap":{"0":{"name":"(anonymous_0)","decl":{"start":{"line":2,"column":2},"end":{"line":2,"column":3}},"loc":{"start":{"line":2,"column":33},"end":{"line":6,"column":3}},"line":2}},"branchMap":{},"s":{"0":1,"1":0,"2":0,"3":0},"f":{"0":0},"b":{},"_coverageSchema":"1a1c01bbd47fc00a2c39e90264f33305004495a9","hash":"aa59502367755046d6161b80b0eb06320325a3b5"}
,"C:\\Users\\User\\Desktop\\realPro\\BE-MOOD\\api\\error\\index.js": {"path":"C:\\Users\\User\\Desktop\\realPro\\BE-MOOD\\api\\error\\index.js","statementMap":{"0":{"start":{"line":1,"column":0},"end":{"line":3,"column":2}}},"fnMap":{},"branchMap":{},"s":{"0":1},"f":{},"b":{},"_coverageSchema":"1a1c01bbd47fc00a2c39e90264f33305004495a9","hash":"c556a61e8a716e5389953a4272f96b5659233567"}
,"C:\\Users\\User\\Desktop\\realPro\\BE-MOOD\\api\\repositories\\music.repository.js": {"path":"C:\\Users\\User\\Desktop\\realPro\\BE-MOOD\\api\\repositories\\music.repository.js","statementMap":{"0":{"start":{"line":1,"column":22},"end":{"line":1,"column":41}},"1":{"start":{"line":2,"column":15},"end":{"line":2,"column":33}},"2":{"start":{"line":3,"column":18},"end":{"line":3,"column":38}},"3":{"start":{"line":4,"column":15},"end":{"line":4,"column":35}},"4":{"start":{"line":5,"column":20},"end":{"line":5,"column":58}},"5":{"start":{"line":16,"column":4},"end":{"line":16,"column":33}},"6":{"start":{"line":17,"column":4},"end":{"line":17,"column":39}},"7":{"start":{"line":18,"column":4},"end":{"line":18,"column":31}},"8":{"start":{"line":19,"column":4},"end":{"line":19,"column":41}},"9":{"start":{"line":20,"column":4},"end":{"line":20,"column":29}},"10":{"start":{"line":21,"column":4},"end":{"line":21,"column":39}},"11":{"start":{"line":23,"column":11},"end":{"line":32,"column":3}},"12":{"start":{"line":24,"column":16},"end":{"line":30,"column":6}},"13":{"start":{"line":31,"column":4},"end":{"line":31,"column":17}},"14":{"start":{"line":33,"column":14},"end":{"line":41,"column":3}},"15":{"start":{"line":34,"column":17},"end":{"line":36,"column":6}},"16":{"start":{"line":37,"column":4},"end":{"line":40,"column":7}},"17":{"start":{"line":42,"column":21},"end":{"line":54,"column":3}},"18":{"start":{"line":43,"column":16},"end":{"line":52,"column":6}},"19":{"start":{"line":53,"column":4},"end":{"line":53,"column":17}},"20":{"start":{"line":55,"column":22},"end":{"line":63,"column":3}},"21":{"start":{"line":56,"column":23},"end":{"line":58,"column":6}},"22":{"start":{"line":59,"column":16},"end":{"line":61,"column":6}},"23":{"start":{"line":62,"column":4},"end":{"line":62,"column":35}},"24":{"start":{"line":64,"column":13},"end":{"line":72,"column":3}},"25":{"start":{"line":65,"column":15},"end":{"line":65,"column":23}},"26":{"start":{"line":66,"column":18},"end":{"line":70,"column":5}},"27":{"start":{"line":71,"column":4},"end":{"line":71,"column":38}},"28":{"start":{"line":74,"column":20},"end":{"line":88,"column":3}},"29":{"start":{"line":75,"column":17},"end":{"line":86,"column":6}},"30":{"start":{"line":87,"column":4},"end":{"line":87,"column":16}},"31":{"start":{"line":90,"column":18},"end":{"line":143,"column":3}},"32":{"start":{"line":91,"column":25},"end":{"line":95,"column":6}},"33":{"start":{"line":96,"column":23},"end":{"line":96,"column":25}},"34":{"start":{"line":97,"column":4},"end":{"line":99,"column":5}},"35":{"start":{"line":98,"column":6},"end":{"line":98,"column":54}},"36":{"start":{"line":100,"column":25},"end":{"line":112,"column":6}},"37":{"start":{"line":114,"column":23},"end":{"line":141,"column":6}},"38":{"start":{"line":142,"column":4},"end":{"line":142,"column":54}},"39":{"start":{"line":145,"column":14},"end":{"line":167,"column":3}},"40":{"start":{"line":146,"column":22},"end":{"line":164,"column":6}},"41":{"start":{"line":166,"column":4},"end":{"line":166,"column":21}},"42":{"start":{"line":169,"column":19},"end":{"line":194,"column":3}},"43":{"start":{"line":170,"column":23},"end":{"line":191,"column":6}},"44":{"start":{"line":193,"column":4},"end":{"line":193,"column":22}},"45":{"start":{"line":196,"column":18},"end":{"line":199,"column":3}},"46":{"start":{"line":197,"column":22},"end":{"line":197,"column":75}},"47":{"start":{"line":198,"column":4},"end":{"line":198,"column":21}},"48":{"start":{"line":201,"column":15},"end":{"line":219,"column":3}},"49":{"start":{"line":202,"column":20},"end":{"line":202,"column":34}},"50":{"start":{"line":203,"column":4},"end":{"line":217,"column":5}},"51":{"start":{"line":204,"column":19},"end":{"line":206,"column":8}},"52":{"start":{"line":207,"column":24},"end":{"line":210,"column":8}},"53":{"start":{"line":211,"column":6},"end":{"line":216,"column":7}},"54":{"start":{"line":212,"column":8},"end":{"line":215,"column":11}},"55":{"start":{"line":218,"column":4},"end":{"line":218,"column":19}},"56":{"start":{"line":221,"column":17},"end":{"line":234,"column":3}},"57":{"start":{"line":222,"column":4},"end":{"line":233,"column":5}},"58":{"start":{"line":223,"column":19},"end":{"line":223,"column":50}},"59":{"start":{"line":224,"column":6},"end":{"line":229,"column":7}},"60":{"start":{"line":225,"column":8},"end":{"line":225,"column":47}},"61":{"start":{"line":226,"column":8},"end":{"line":226,"column":20}},"62":{"start":{"line":228,"column":8},"end":{"line":228,"column":32}},"63":{"start":{"line":231,"column":6},"end":{"line":231,"column":46}},"64":{"start":{"line":232,"column":6},"end":{"line":232,"column":18}},"65":{"start":{"line":236,"column":13},"end":{"line":244,"column":3}},"66":{"start":{"line":237,"column":4},"end":{"line":242,"column":6}},"67":{"start":{"line":243,"column":4},"end":{"line":243,"column":11}},"68":{"start":{"line":247,"column":0},"end":{"line":247,"column":33}}},"fnMap":{"0":{"name":"(anonymous_0)","decl":{"start":{"line":8,"column":2},"end":{"line":8,"column":3}},"loc":{"start":{"line":15,"column":4},"end":{"line":22,"column":3}},"line":15},"1":{"name":"(anonymous_1)","decl":{"start":{"line":23,"column":11},"end":{"line":23,"column":12}},"loc":{"start":{"line":23,"column":79},"end":{"line":32,"column":3}},"line":23},"2":{"name":"(anonymous_2)","decl":{"start":{"line":33,"column":14},"end":{"line":33,"column":15}},"loc":{"start":{"line":33,"column":42},"end":{"line":41,"column":3}},"line":33},"3":{"name":"(anonymous_3)","decl":{"start":{"line":42,"column":21},"end":{"line":42,"column":22}},"loc":{"start":{"line":42,"column":44},"end":{"line":54,"column":3}},"line":42},"4":{"name":"(anonymous_4)","decl":{"start":{"line":55,"column":22},"end":{"line":55,"column":23}},"loc":{"start":{"line":55,"column":46},"end":{"line":63,"column":3}},"line":55},"5":{"name":"(anonymous_5)","decl":{"start":{"line":64,"column":13},"end":{"line":64,"column":14}},"loc":{"start":{"line":64,"column":29},"end":{"line":72,"column":3}},"line":64},"6":{"name":"(anonymous_6)","decl":{"start":{"line":74,"column":20},"end":{"line":74,"column":21}},"loc":{"start":{"line":74,"column":38},"end":{"line":88,"column":3}},"line":74},"7":{"name":"(anonymous_7)","decl":{"start":{"line":90,"column":18},"end":{"line":90,"column":19}},"loc":{"start":{"line":90,"column":41},"end":{"line":143,"column":3}},"line":90},"8":{"name":"(anonymous_8)","decl":{"start":{"line":145,"column":14},"end":{"line":145,"column":15}},"loc":{"start":{"line":145,"column":26},"end":{"line":167,"column":3}},"line":145},"9":{"name":"(anonymous_9)","decl":{"start":{"line":169,"column":19},"end":{"line":169,"column":20}},"loc":{"start":{"line":169,"column":31},"end":{"line":194,"column":3}},"line":169},"10":{"name":"(anonymous_10)","decl":{"start":{"line":196,"column":18},"end":{"line":196,"column":19}},"loc":{"start":{"line":196,"column":45},"end":{"line":199,"column":3}},"line":196},"11":{"name":"(anonymous_11)","decl":{"start":{"line":201,"column":15},"end":{"line":201,"column":16}},"loc":{"start":{"line":201,"column":43},"end":{"line":219,"column":3}},"line":201},"12":{"name":"(anonymous_12)","decl":{"start":{"line":221,"column":17},"end":{"line":221,"column":18}},"loc":{"start":{"line":221,"column":37},"end":{"line":234,"column":3}},"line":221},"13":{"name":"(anonymous_13)","decl":{"start":{"line":236,"column":13},"end":{"line":236,"column":14}},"loc":{"start":{"line":236,"column":53},"end":{"line":244,"column":3}},"line":236}},"branchMap":{"0":{"loc":{"start":{"line":97,"column":4},"end":{"line":99,"column":5}},"type":"if","locations":[{"start":{"line":97,"column":4},"end":{"line":99,"column":5}},{"start":{},"end":{}}],"line":97},"1":{"loc":{"start":{"line":211,"column":6},"end":{"line":216,"column":7}},"type":"if","locations":[{"start":{"line":211,"column":6},"end":{"line":216,"column":7}},{"start":{},"end":{}}],"line":211},"2":{"loc":{"start":{"line":224,"column":6},"end":{"line":229,"column":7}},"type":"if","locations":[{"start":{"line":224,"column":6},"end":{"line":229,"column":7}},{"start":{"line":227,"column":13},"end":{"line":229,"column":7}}],"line":224}},"s":{"0":1,"1":1,"2":1,"3":1,"4":1,"5":1,"6":1,"7":1,"8":1,"9":1,"10":1,"11":1,"12":0,"13":0,"14":1,"15":0,"16":0,"17":1,"18":1,"19":1,"20":1,"21":0,"22":0,"23":0,"24":1,"25":0,"26":0,"27":0,"28":1,"29":0,"30":0,"31":1,"32":0,"33":0,"34":0,"35":0,"36":0,"37":0,"38":0,"39":1,"40":0,"41":0,"42":1,"43":0,"44":0,"45":1,"46":0,"47":0,"48":1,"49":0,"50":0,"51":0,"52":0,"53":0,"54":0,"55":0,"56":1,"57":0,"58":0,"59":0,"60":0,"61":0,"62":0,"63":0,"64":0,"65":1,"66":0,"67":0,"68":1},"f":{"0":1,"1":0,"2":0,"3":1,"4":0,"5":0,"6":0,"7":0,"8":0,"9":0,"10":0,"11":0,"12":0,"13":0},"b":{"0":[0,0],"1":[0,0],"2":[0,0]},"_coverageSchema":"1a1c01bbd47fc00a2c39e90264f33305004495a9","hash":"8af96cc5386f3946d1bf988d28405b163f83c650"}
,"C:\\Users\\User\\Desktop\\realPro\\BE-MOOD\\db\\config\\redisClient.js": {"path":"C:\\Users\\User\\Desktop\\realPro\\BE-MOOD\\db\\config\\redisClient.js","statementMap":{"0":{"start":{"line":1,"column":14},"end":{"line":1,"column":32}},"1":{"start":{"line":2,"column":0},"end":{"line":2,"column":27}},"2":{"start":{"line":3,"column":20},"end":{"line":6,"column":2}},"3":{"start":{"line":7,"column":0},"end":{"line":9,"column":3}},"4":{"start":{"line":8,"column":2},"end":{"line":8,"column":35}},"5":{"start":{"line":10,"column":0},"end":{"line":12,"column":3}},"6":{"start":{"line":11,"column":2},"end":{"line":11,"column":43}},"7":{"start":{"line":13,"column":0},"end":{"line":13,"column":29}}},"fnMap":{"0":{"name":"(anonymous_0)","decl":{"start":{"line":7,"column":26},"end":{"line":7,"column":27}},"loc":{"start":{"line":7,"column":32},"end":{"line":9,"column":1}},"line":7},"1":{"name":"(anonymous_1)","decl":{"start":{"line":10,"column":24},"end":{"line":10,"column":25}},"loc":{"start":{"line":10,"column":33},"end":{"line":12,"column":1}},"line":10}},"branchMap":{"0":{"loc":{"start":{"line":4,"column":8},"end":{"line":4,"column":45}},"type":"binary-expr","locations":[{"start":{"line":4,"column":8},"end":{"line":4,"column":19}},{"start":{"line":4,"column":23},"end":{"line":4,"column":45}}],"line":4},"1":{"loc":{"start":{"line":5,"column":8},"end":{"line":5,"column":38}},"type":"binary-expr","locations":[{"start":{"line":5,"column":8},"end":{"line":5,"column":12}},{"start":{"line":5,"column":16},"end":{"line":5,"column":38}}],"line":5}},"s":{"0":1,"1":1,"2":1,"3":1,"4":0,"5":1,"6":0,"7":1},"f":{"0":0,"1":0},"b":{"0":[1,0],"1":[1,0]},"_coverageSchema":"1a1c01bbd47fc00a2c39e90264f33305004495a9","hash":"3444272548899eadec4c1520517a9bb1197cfaa0"}
}
