TN:
SF:api\error\error.js
FN:2,(anonymous_0)
FNF:1
FNH:0
FNDA:0,(anonymous_0)
DA:1,1
DA:3,0
DA:4,0
DA:5,0
LF:4
LH:1
BRF:0
BRH:0
end_of_record
TN:
SF:api\error\index.js
FNF:0
FNH:0
DA:1,1
LF:1
LH:1
BRF:0
BRH:0
end_of_record
TN:
SF:api\repositories\music.repository.js
FN:8,(anonymous_0)
FN:23,(anonymous_1)
FN:33,(anonymous_2)
FN:42,(anonymous_3)
FN:55,(anonymous_4)
FN:64,(anonymous_5)
FN:74,(anonymous_6)
FN:90,(anonymous_7)
FN:145,(anonymous_8)
FN:169,(anonymous_9)
FN:196,(anonymous_10)
FN:201,(anonymous_11)
FN:221,(anonymous_12)
FN:236,(anonymous_13)
FNF:14
FNH:2
FNDA:1,(anonymous_0)
FNDA:0,(anonymous_1)
FNDA:0,(anonymous_2)
FNDA:1,(anonymous_3)
FNDA:0,(anonymous_4)
FNDA:0,(anonymous_5)
FNDA:0,(anonymous_6)
FNDA:0,(anonymous_7)
FNDA:0,(anonymous_8)
FNDA:0,(anonymous_9)
FNDA:0,(anonymous_10)
FNDA:0,(anonymous_11)
FNDA:0,(anonymous_12)
FNDA:0,(anonymous_13)
DA:1,1
DA:2,1
DA:3,1
DA:4,1
DA:5,1
DA:16,1
DA:17,1
DA:18,1
DA:19,1
DA:20,1
DA:21,1
DA:23,1
DA:24,0
DA:31,0
DA:33,1
DA:34,0
DA:37,0
DA:42,1
DA:43,1
DA:53,1
DA:55,1
DA:56,0
DA:59,0
DA:62,0
DA:64,1
DA:65,0
DA:66,0
DA:71,0
DA:74,1
DA:75,0
DA:87,0
DA:90,1
DA:91,0
DA:96,0
DA:97,0
DA:98,0
DA:100,0
DA:114,0
DA:142,0
DA:145,1
DA:146,0
DA:166,0
DA:169,1
DA:170,0
DA:193,0
DA:196,1
DA:197,0
DA:198,0
DA:201,1
DA:202,0
DA:203,0
DA:204,0
DA:207,0
DA:211,0
DA:212,0
DA:218,0
DA:221,1
DA:222,0
DA:223,0
DA:224,0
DA:225,0
DA:226,0
DA:228,0
DA:231,0
DA:232,0
DA:236,1
DA:237,0
DA:243,0
DA:247,1
LF:69
LH:27
BRDA:97,0,0,0
BRDA:97,0,1,0
BRDA:211,1,0,0
BRDA:211,1,1,0
BRDA:224,2,0,0
BRDA:224,2,1,0
BRF:6
BRH:0
end_of_record
TN:
SF:db\config\redisClient.js
FN:7,(anonymous_0)
FN:10,(anonymous_1)
FNF:2
FNH:0
FNDA:0,(anonymous_0)
FNDA:0,(anonymous_1)
DA:1,1
DA:2,1
DA:3,1
DA:7,1
DA:8,0
DA:10,1
DA:11,0
DA:13,1
LF:8
LH:6
BRDA:4,0,0,1
BRDA:4,0,1,0
BRDA:5,1,0,1
BRDA:5,1,1,0
BRF:4
BRH:2
end_of_record
